<?xml version="1.0" encoding="UTF-8"?>
<!-- Generated by org.testng.reporters.JUnitReportReporter -->
<testsuite hostname="Anthony" name="test.LoginTest" tests="1" failures="0" timestamp="25 Sep 2019 02:40:07 GMT" time="6.042" errors="0">
  <testcase name="TechfiosLoginTest" time="6.042" classname="test.LoginTest"/>
</testsuite> <!-- test.LoginTest -->
