<?xml version="1.0" encoding="UTF-8"?>
<!-- Generated by org.testng.reporters.JUnitReportReporter -->
<testsuite hostname="Anthony" name="test.AddContactTest" tests="1" failures="0" timestamp="25 Sep 2019 02:40:07 GMT" time="7.795" errors="0">
  <testcase name="AddingContact" time="7.795" classname="test.AddContactTest"/>
</testsuite> <!-- test.AddContactTest -->
