<?xml version="1.0" encoding="UTF-8"?>
<!-- Generated by org.testng.reporters.JUnitReportReporter -->
<testsuite hostname="Anthony" name="test.AddDepositTest" tests="1" failures="0" timestamp="25 Sep 2019 02:40:07 GMT" time="9.306" errors="0">
  <testcase name="AddDepositToVeryfyDepositPosted" time="9.306" classname="test.AddDepositTest"/>
</testsuite> <!-- test.AddDepositTest -->
